<?xml version="1.0" encoding="UTF-8"?>
<testsuites tests="1" failures="1" errors="0">
  <testsuite name="_fixtures_sensitive" tests="1" failures="1" time="0.015">
    <testcase name="_fixtures_sensitive/sensitivefail.fixture.goal" time="0.015">
      <failure>Expected: &quot;will-not-match&quot;, Actual: {
  &quot;name&quot;: &quot;default&quot;,
  &quot;publicKey&quot;: &quot;r0aucOXMlbqrHwYo9V4IfXir7jSs1UEckhLprgek/3c=&quot;,
  &quot;privateKey&quot;: &quot;******&quot;,
  &quot;isDefault&quot;: true,
  &quot;isArchived&quot;: false,
  &quot;created&quot;: &quot;2026-04-21T12:51:42.5757211+00:00&quot;
}</failure>
    </testcase>
  </testsuite>
</testsuites>
