<?xml version="1.0" encoding="UTF-8"?>
<testsuites tests="1" failures="1" errors="0">
  <testsuite name="_fixtures_sensitive" tests="1" failures="1" time="0.013">
    <testcase name="_fixtures_sensitive/sensitivefail.fixture.goal" time="0.013">
      <failure>Expected: &quot;will-not-match&quot;, Actual: {
  &quot;name&quot;: &quot;default&quot;,
  &quot;publicKey&quot;: &quot;kJePnLRFxXJ9L01G6/wwL9p9rdPOv7z7sbF80cKFSpQ=&quot;,
  &quot;privateKey&quot;: &quot;******&quot;,
  &quot;isDefault&quot;: true,
  &quot;isArchived&quot;: false,
  &quot;created&quot;: &quot;2026-05-02T21:49:59.6962666+00:00&quot;
}</failure>
    </testcase>
  </testsuite>
</testsuites>
