<?xml version="1.0" encoding="UTF-8"?>
<testsuites tests="1" failures="1" errors="0">
  <testsuite name="_fixtures_sensitive" tests="1" failures="1" time="0.068">
    <testcase name="_fixtures_sensitive/sensitivefail.fixture.goal" time="0.068">
      <failure>Expected: &quot;will-not-match&quot;, Actual: {
  &quot;name&quot;: &quot;default&quot;,
  &quot;publicKey&quot;: &quot;MySHZU5Y6c37jHoJZxdvvwja2BvODRScybSMvmenZg0=&quot;,
  &quot;privateKey&quot;: &quot;******&quot;,
  &quot;isDefault&quot;: true,
  &quot;isArchived&quot;: false,
  &quot;created&quot;: &quot;2026-04-21T10:41:20.3259786+00:00&quot;
}</failure>
    </testcase>
  </testsuite>
</testsuites>
